<?xml version="1.0" encoding="UTF-8"?>
<testng-results ignored="0" total="1" passed="1" failed="0" skipped="0">
  <reporter-output>
  </reporter-output>
  <suite started-at="2026-06-05T16:35:47 IST" name="Default suite" finished-at="2026-06-05T16:36:00 IST" duration-ms="12435">
    <groups>
    </groups>
    <test started-at="2026-06-05T16:35:47 IST" name="Default test" finished-at="2026-06-05T16:36:00 IST" duration-ms="12435">
      <class name="SampleModulePack.Aditya_task">
        <test-method signature="main1()[pri:0, instance:SampleModulePack.Aditya_task@4135c3b]" started-at="2026-06-05T16:35:47 IST" name="main1" finished-at="2026-06-05T16:36:00 IST" duration-ms="12317" status="PASS">
          <reporter-output>
          </reporter-output>
        </test-method> <!-- main1 -->
      </class> <!-- SampleModulePack.Aditya_task -->
    </test> <!-- Default test -->
  </suite> <!-- Default suite -->
</testng-results>
